This is pdfTeX, Version 3.14159265-2.6-1.40.21 (MiKTeX 20.6.29) (preloaded format=pdflatex 2020.7.28)  9 SEP 2020 14:12
entering extended mode
**"c:/Users/Nikita/Desktop/praca inzynierska/projekt-inzynierski/lat.tex"
("c:/Users/Nikita/Desktop/praca inzynierska/projekt-inzynierski/lat.tex"
LaTeX2e <2020-02-02> patch level 5
L3 programming layer <2020-06-18> (C:\Users\Nikita\AppData\Local\Programs\MiKTeX\tex/latex/base\article.cls
Document Class: article 2019/12/20 v1.4l Standard LaTeX document class
(C:\Users\Nikita\AppData\Local\Programs\MiKTeX\tex/latex/base\size12.clo
File: size12.clo 2019/12/20 v1.4l Standard LaTeX file (size option)
)
\c@part=\count167
\c@section=\count168
\c@subsection=\count169
\c@subsubsection=\count170
\c@paragraph=\count171
\c@subparagraph=\count172
\c@figure=\count173
\c@table=\count174
\abovecaptionskip=\skip47
\belowcaptionskip=\skip48
\bibindent=\dimen134
) (C:\Users\Nikita\AppData\Local\Programs\MiKTeX\tex/latex/base\inputenc.sty
Package: inputenc 2018/08/11 v1.3c Input encoding file
\inpenc@prehook=\toks15
\inpenc@posthook=\toks16
) (C:\Users\Nikita\AppData\Local\Programs\MiKTeX\tex/latex/units\nicefrac.sty
Package: nicefrac 1998/08/04 v0.9b Nice fractions
\L@UnitsRaiseDisplaystyle=\skip49
\L@UnitsRaiseTextstyle=\skip50
\L@UnitsRaiseScriptstyle=\skip51
 (C:\Users\Nikita\AppData\Local\Programs\MiKTeX\tex/latex/base\ifthen.sty
Package: ifthen 2014/09/29 v1.1c Standard LaTeX ifthen package (DPC)
)) (C:\Users\Nikita\AppData\Local\Programs\MiKTeX\tex/latex/microtype\microtype.sty
Package: microtype 2019/11/18 v2.7d Micro-typographical refinements (RS)
 (C:\Users\Nikita\AppData\Local\Programs\MiKTeX\tex/latex/graphics\keyval.sty
Package: keyval 2014/10/28 v1.15 key=value parser (DPC)
\KV@toks@=\toks17
)
\MT@toks=\toks18
\MT@count=\count175
LaTeX Info: Redefining \textls on input line 790.
\MT@outer@kern=\dimen135
LaTeX Info: Redefining \textmicrotypecontext on input line 1354.
\MT@listname@count=\count176
 (C:\Users\Nikita\AppData\Local\Programs\MiKTeX\tex/latex/microtype\microtype-pdftex.def
File: microtype-pdftex.def 2019/11/18 v2.7d Definitions specific to pdftex (RS)
LaTeX Info: Redefining \lsstyle on input line 914.
LaTeX Info: Redefining \lslig on input line 914.
\MT@outer@space=\skip52
)
Package microtype Info: Loading configuration file microtype.cfg.
 (C:\Users\Nikita\AppData\Local\Programs\MiKTeX\tex/latex/microtype\microtype.cfg
File: microtype.cfg 2019/11/18 v2.7d microtype main configuration file (RS)
)) (C:\Users\Nikita\AppData\Local\Programs\MiKTeX\tex/latex/ragged2e\ragged2e.sty
Package: ragged2e 2019/07/28 v2.2 ragged2e Package (MS)
 (C:\Users\Nikita\AppData\Local\Programs\MiKTeX\tex/latex/ms\everysel.sty
Package: everysel 2011/10/28 v1.2 EverySelectfont Package (MS)
)
\CenteringLeftskip=\skip53
\RaggedLeftLeftskip=\skip54
\RaggedRightLeftskip=\skip55
\CenteringRightskip=\skip56
\RaggedLeftRightskip=\skip57
\RaggedRightRightskip=\skip58
\CenteringParfillskip=\skip59
\RaggedLeftParfillskip=\skip60
\RaggedRightParfillskip=\skip61
\JustifyingParfillskip=\skip62
\CenteringParindent=\skip63
\RaggedLeftParindent=\skip64
\RaggedRightParindent=\skip65
\JustifyingParindent=\skip66
) (C:\Users\Nikita\AppData\Local\Programs\MiKTeX\tex/latex/float\float.sty
Package: float 2001/11/08 v1.3d Float enhancements (AL)
\c@float@type=\count177
\float@exts=\toks19
\float@box=\box45
\@float@everytoks=\toks20
\@floatcapt=\box46
) (C:\Users\Nikita\AppData\Local\Programs\MiKTeX\tex/latex/natbib\natbib.sty
Package: natbib 2010/09/13 8.31b (PWD, AO)
\bibhang=\skip67
\bibsep=\skip68
LaTeX Info: Redefining \cite on input line 694.
\c@NAT@ctr=\count178
) (C:\Users\Nikita\AppData\Local\Programs\MiKTeX\tex/latex/graphics\graphicx.sty
Package: graphicx 2019/11/30 v1.2a Enhanced LaTeX Graphics (DPC,SPQR)
 (C:\Users\Nikita\AppData\Local\Programs\MiKTeX\tex/latex/graphics\graphics.sty
Package: graphics 2019/11/30 v1.4a Standard LaTeX Graphics (DPC,SPQR)
 (C:\Users\Nikita\AppData\Local\Programs\MiKTeX\tex/latex/graphics\trig.sty
Package: trig 2016/01/03 v1.10 sin cos tan (DPC)
) (C:\Users\Nikita\AppData\Local\Programs\MiKTeX\tex/latex/graphics-cfg\graphics.cfg
File: graphics.cfg 2016/06/04 v1.11 sample graphics configuration
)
Package graphics Info: Driver file: pdftex.def on input line 105.
 (C:\Users\Nikita\AppData\Local\Programs\MiKTeX\tex/latex/graphics-def\pdftex.def
File: pdftex.def 2018/01/08 v1.0l Graphics/color driver for pdftex
))
\Gin@req@height=\dimen136
\Gin@req@width=\dimen137
) (C:\Users\Nikita\AppData\Local\Programs\MiKTeX\tex/latex/amsmath\amsmath.sty
Package: amsmath 2020/01/20 v2.17e AMS math features
\@mathmargin=\skip69

For additional information on amsmath, use the `?' option.
(C:\Users\Nikita\AppData\Local\Programs\MiKTeX\tex/latex/amsmath\amstext.sty
Package: amstext 2000/06/29 v2.01 AMS text
 (C:\Users\Nikita\AppData\Local\Programs\MiKTeX\tex/latex/amsmath\amsgen.sty
File: amsgen.sty 1999/11/30 v2.0 generic functions
\@emptytoks=\toks21
\ex@=\dimen138
)) (C:\Users\Nikita\AppData\Local\Programs\MiKTeX\tex/latex/amsmath\amsbsy.sty
Package: amsbsy 1999/11/29 v1.2d Bold Symbols
\pmbraise@=\dimen139
) (C:\Users\Nikita\AppData\Local\Programs\MiKTeX\tex/latex/amsmath\amsopn.sty
Package: amsopn 2016/03/08 v2.02 operator names
)
\inf@bad=\count179
LaTeX Info: Redefining \frac on input line 227.
\uproot@=\count180
\leftroot@=\count181
LaTeX Info: Redefining \overline on input line 389.
\classnum@=\count182
\DOTSCASE@=\count183
LaTeX Info: Redefining \ldots on input line 486.
LaTeX Info: Redefining \dots on input line 489.
LaTeX Info: Redefining \cdots on input line 610.
\Mathstrutbox@=\box47
\strutbox@=\box48
\big@size=\dimen140
LaTeX Font Info:    Redeclaring font encoding OML on input line 733.
LaTeX Font Info:    Redeclaring font encoding OMS on input line 734.
\macc@depth=\count184
\c@MaxMatrixCols=\count185
\dotsspace@=\muskip16
\c@parentequation=\count186
\dspbrk@lvl=\count187
\tag@help=\toks22
\row@=\count188
\column@=\count189
\maxfields@=\count190
\andhelp@=\toks23
\eqnshift@=\dimen141
\alignsep@=\dimen142
\tagshift@=\dimen143
\tagwidth@=\dimen144
\totwidth@=\dimen145
\lineht@=\dimen146
\@envbody=\toks24
\multlinegap=\skip70
\multlinetaggap=\skip71
\mathdisplay@stack=\toks25
LaTeX Info: Redefining \[ on input line 2859.
LaTeX Info: Redefining \] on input line 2860.
) (C:\Users\Nikita\AppData\Local\Programs\MiKTeX\tex/latex/adjustbox\adjustbox.sty
Package: adjustbox 2019/01/04 v1.2 Adjusting TeX boxes (trim, clip, ...)
 (C:\Users\Nikita\AppData\Local\Programs\MiKTeX\tex/latex/xkeyval\xkeyval.sty
Package: xkeyval 2014/12/03 v2.7a package option processing (HA)
 (C:\Users\Nikita\AppData\Local\Programs\MiKTeX\tex/generic/xkeyval\xkeyval.tex (C:\Users\Nikita\AppData\Local\Programs\MiKTeX\tex/generic/xkeyval\xkvutils.tex
\XKV@toks=\toks26
\XKV@tempa@toks=\toks27
)
\XKV@depth=\count191
File: xkeyval.tex 2014/12/03 v2.7a key=value parser (HA)
)) (C:\Users\Nikita\AppData\Local\Programs\MiKTeX\tex/latex/adjustbox\adjcalc.sty
Package: adjcalc 2012/05/16 v1.1 Provides advanced setlength with multiple back-ends (calc, etex, pgfmath)
) (C:\Users\Nikita\AppData\Local\Programs\MiKTeX\tex/latex/adjustbox\trimclip.sty
Package: trimclip 2018/04/08 v1.1 Trim and clip general TeX material
 (C:\Users\Nikita\AppData\Local\Programs\MiKTeX\tex/latex/collectbox\collectbox.sty
Package: collectbox 2012/05/17 v0.4b Collect macro arguments as boxes
\collectedbox=\box49
)
\tc@llx=\dimen147
\tc@lly=\dimen148
\tc@urx=\dimen149
\tc@ury=\dimen150
Package trimclip Info: Using driver 'tc-pdftex.def'.
 (C:\Users\Nikita\AppData\Local\Programs\MiKTeX\tex/latex/adjustbox\tc-pdftex.def
File: tc-pdftex.def 2019/01/04 v2.2 Clipping driver for pdftex
))
\adjbox@Width=\dimen151
\adjbox@Height=\dimen152
\adjbox@Depth=\dimen153
\adjbox@Totalheight=\dimen154
\adjbox@pwidth=\dimen155
\adjbox@pheight=\dimen156
\adjbox@pdepth=\dimen157
\adjbox@ptotalheight=\dimen158
 (C:\Users\Nikita\AppData\Local\Programs\MiKTeX\tex/latex/ifoddpage\ifoddpage.sty
Package: ifoddpage 2016/04/23 v1.1 Conditionals for odd/even page detection
\c@checkoddpage=\count192
) (C:\Users\Nikita\AppData\Local\Programs\MiKTeX\tex/latex/varwidth\varwidth.sty
Package: varwidth 2009/03/30 ver 0.92;  Variable-width minipages
\@vwid@box=\box50
\sift@deathcycles=\count193
\@vwid@loff=\dimen159
\@vwid@roff=\dimen160
)) (C:\Users\Nikita\AppData\Local\Programs\MiKTeX\tex/latex/polski\polski.sty
Package: polski 2017/05/04 v1.3.4 Polish language package

   Inputenc package detected. Catcodes not changed.
   Switching to Polish text encoding and Polish maths fonts.
(C:\Users\Nikita\AppData\Local\Programs\MiKTeX\tex/latex/base\ot4enc.def
File: ot4enc.def 2020/02/11 v2.0o Standard LaTeX file
Now handling font encoding OT4 ...
... no UTF-8 mapping file for font encoding OT4
)
LaTeX Font Info:    Trying to load font information for OT4+cmr on input line 360.
 (C:\Users\Nikita\AppData\Local\Programs\MiKTeX\tex/latex/polski\ot4cmr.fd
File: ot4cmr.fd 2008/02/24 v1.2.1 Font defs for fonts PL (MW)
)
LaTeX Font Info:    Overwriting math alphabet `\mathbf' in version `normal'
(Font)                  OT1/cmr/bx/n --> OT4/cmr/bx/n on input line 360.
LaTeX Font Info:    Overwriting math alphabet `\mathsf' in version `normal'
(Font)                  OT1/cmss/m/n --> OT4/cmss/m/n on input line 360.
LaTeX Font Info:    Overwriting math alphabet `\mathit' in version `normal'
(Font)                  OT1/cmr/m/it --> OT4/cmr/m/it on input line 360.
LaTeX Font Info:    Overwriting math alphabet `\mathtt' in version `normal'
(Font)                  OT1/cmtt/m/n --> OT4/cmtt/m/n on input line 360.
LaTeX Font Info:    Overwriting math alphabet `\mathsf' in version `bold'
(Font)                  OT1/cmss/bx/n --> OT4/cmss/bx/n on input line 360.
LaTeX Font Info:    Overwriting math alphabet `\mathit' in version `bold'
(Font)                  OT1/cmr/bx/it --> OT4/cmr/bx/it on input line 360.
LaTeX Font Info:    Encoding `OT1' has changed to `OT4' for symbol font
(Font)              `operators' in the math version `normal' on input line 360.
LaTeX Font Info:    Overwriting symbol font `operators' in version `normal'
(Font)                  OT1/cmr/m/n --> OT4/cmr/m/n on input line 360.
LaTeX Font Info:    Overwriting symbol font `letters' in version `normal'
(Font)                  OML/cmm/m/it --> OML/plm/m/it on input line 360.
LaTeX Font Info:    Overwriting symbol font `symbols' in version `normal'
(Font)                  OMS/cmsy/m/n --> OMS/plsy/m/n on input line 360.
LaTeX Font Info:    Overwriting symbol font `largesymbols' in version `normal'
(Font)                  OMX/cmex/m/n --> OMX/plex/m/n on input line 360.
LaTeX Font Info:    Encoding `OT1' has changed to `OT4' for symbol font
(Font)              `operators' in the math version `bold' on input line 360.
LaTeX Font Info:    Overwriting symbol font `operators' in version `bold'
(Font)                  OT1/cmr/bx/n --> OT4/cmr/bx/n on input line 360.
LaTeX Font Info:    Overwriting symbol font `letters' in version `bold'
(Font)                  OML/cmm/b/it --> OML/plm/b/it on input line 360.
LaTeX Font Info:    Overwriting symbol font `symbols' in version `bold'
(Font)                  OMS/cmsy/b/n --> OMS/plsy/b/n on input line 360.
) (C:\Users\Nikita\AppData\Local\Programs\MiKTeX\tex/latex/was\gensymb.sty
Package: gensymb 2003/07/02 v1.0 (WaS)
) (C:\Users\Nikita\AppData\Local\Programs\MiKTeX\tex/latex/pdfpages\pdfpages.sty
Package: pdfpages 2020/01/28 v0.5q Insert pages of external PDF documents (AM)
 (C:\Users\Nikita\AppData\Local\Programs\MiKTeX\tex/latex/tools\calc.sty
Package: calc 2017/05/25 v4.3 Infix arithmetic (KKT,FJ)
\calc@Acount=\count194
\calc@Bcount=\count195
\calc@Adimen=\dimen161
\calc@Bdimen=\dimen162
\calc@Askip=\skip72
\calc@Bskip=\skip73
LaTeX Info: Redefining \setlength on input line 80.
LaTeX Info: Redefining \addtolength on input line 81.
\calc@Ccount=\count196
\calc@Cskip=\skip74
) (C:\Users\Nikita\AppData\Local\Programs\MiKTeX\tex/latex/eso-pic\eso-pic.sty
Package: eso-pic 2018/04/12 v2.0h eso-pic (RN)
 (C:\Users\Nikita\AppData\Local\Programs\MiKTeX\tex/generic/atbegshi\atbegshi.sty
Package: atbegshi 2019/12/05 v1.19 At begin shipout hook (HO)
 (C:\Users\Nikita\AppData\Local\Programs\MiKTeX\tex/generic/infwarerr\infwarerr.sty
Package: infwarerr 2019/12/03 v1.5 Providing info/warning/error messages (HO)
) (C:\Users\Nikita\AppData\Local\Programs\MiKTeX\tex/generic/ltxcmds\ltxcmds.sty
Package: ltxcmds 2019/12/15 v1.24 LaTeX kernel commands for general use (HO)
) (C:\Users\Nikita\AppData\Local\Programs\MiKTeX\tex/generic/iftex\iftex.sty
Package: iftex 2020/03/06 v1.0d TeX engine tests
)) (C:\Users\Nikita\AppData\Local\Programs\MiKTeX\tex/latex/xcolor\xcolor.sty
Package: xcolor 2016/05/11 v2.12 LaTeX color extensions (UK)
 (C:\Users\Nikita\AppData\Local\Programs\MiKTeX\tex/latex/graphics-cfg\color.cfg
File: color.cfg 2016/01/02 v1.6 sample color configuration
)
Package xcolor Info: Driver file: pdftex.def on input line 225.
Package xcolor Info: Model `cmy' substituted by `cmy0' on input line 1348.
Package xcolor Info: Model `hsb' substituted by `rgb' on input line 1352.
Package xcolor Info: Model `RGB' extended on input line 1364.
Package xcolor Info: Model `HTML' substituted by `rgb' on input line 1366.
Package xcolor Info: Model `Hsb' substituted by `hsb' on input line 1367.
Package xcolor Info: Model `tHsb' substituted by `hsb' on input line 1368.
Package xcolor Info: Model `HSB' substituted by `hsb' on input line 1369.
Package xcolor Info: Model `Gray' substituted by `gray' on input line 1370.
Package xcolor Info: Model `wave' substituted by `hsb' on input line 1371.
))
\AM@pagewidth=\dimen163
\AM@pageheight=\dimen164
 (C:\Users\Nikita\AppData\Local\Programs\MiKTeX\tex/latex/pdfpages\pppdftex.def
File: pppdftex.def 2020/01/28 v0.5q Pdfpages driver for pdfTeX (AM)
)
\AM@pagebox=\box51
\AM@global@opts=\toks28
\AM@pagecnt=\count197
\AM@toc@title=\toks29
\c@AM@survey=\count198
\AM@templatesizebox=\box52
) (C:\Users\Nikita\AppData\Local\Programs\MiKTeX\tex/latex/l3backend\l3backend-pdfmode.def
File: l3backend-pdfmode.def 2020-06-29 L3 backend support: PDF mode
\l__kernel_color_stack_int=\count199
\l__pdf_internal_box=\box53
) ("c:/Users\Nikita\Desktop\praca inzynierska\projekt-inzynierski\lat.aux")
\openout1 = `lat.aux'.

LaTeX Font Info:    Checking defaults for OML/cmm/m/it on input line 34.
LaTeX Font Info:    ... okay on input line 34.
LaTeX Font Info:    Checking defaults for OMS/cmsy/m/n on input line 34.
LaTeX Font Info:    ... okay on input line 34.
LaTeX Font Info:    Checking defaults for OT1/cmr/m/n on input line 34.
LaTeX Font Info:    ... okay on input line 34.
LaTeX Font Info:    Checking defaults for T1/cmr/m/n on input line 34.
LaTeX Font Info:    ... okay on input line 34.
LaTeX Font Info:    Checking defaults for TS1/cmr/m/n on input line 34.
LaTeX Font Info:    ... okay on input line 34.
LaTeX Font Info:    Checking defaults for OMX/cmex/m/n on input line 34.
LaTeX Font Info:    ... okay on input line 34.
LaTeX Font Info:    Checking defaults for U/cmr/m/n on input line 34.
LaTeX Font Info:    ... okay on input line 34.
LaTeX Font Info:    Checking defaults for OT4/cmr/m/n on input line 34.
LaTeX Font Info:    ... okay on input line 34.
LaTeX Info: Redefining \microtypecontext on input line 34.
Package microtype Info: Generating PDF output.
Package microtype Info: Character protrusion enabled (level 2).
Package microtype Info: Using default protrusion set `alltext'.
Package microtype Info: Automatic font expansion enabled (level 2),
(microtype)             stretch: 20, shrink: 20, step: 1, non-selected.
Package microtype Info: Using default expansion set `basictext'.
LaTeX Info: Redefining \showhyphens on input line 34.
Package microtype Info: No adjustment of tracking.
Package microtype Info: No adjustment of interword spacing.
Package microtype Info: No adjustment of character kerning.
 (C:\Users\Nikita\AppData\Local\Programs\MiKTeX\tex/latex/microtype\mt-cmr.cfg
File: mt-cmr.cfg 2013/05/19 v2.2 microtype config. file: Computer Modern Roman (RS)
) ABD: EverySelectfont initializing macros
LaTeX Info: Redefining \selectfont on input line 34.
 (C:\Users\Nikita\AppData\Local\Programs\MiKTeX\tex/context/base/mkii\supp-pdf.mkii
[Loading MPS to PDF converter (version 2006.09.02).]
\scratchcounter=\count266
\scratchdimen=\dimen165
\scratchbox=\box54
\nofMPsegments=\count267
\nofMParguments=\count268
\everyMPshowfont=\toks30
\MPscratchCnt=\count269
\MPscratchDim=\dimen166
\MPnumerator=\count270
\makeMPintoPDFobject=\count271
\everyMPtoPDFconversion=\toks31
) (C:\Users\Nikita\AppData\Local\Programs\MiKTeX\tex/latex/epstopdf-pkg\epstopdf-base.sty
Package: epstopdf-base 2020-01-24 v2.11 Base part for package epstopdf
Package epstopdf-base Info: Redefining graphics rule for `.eps' on input line 485.
)
LaTeX Info: Redefining \celsius on input line 34.
Package gensymb Info: Faking symbols for \degree and \celsius on input line 34.


Package gensymb Warning: Not defining \perthousand.

LaTeX Info: Redefining \ohm on input line 34.
Package gensymb Info: Using \Omega for \ohm on input line 34.

Package gensymb Warning: Not defining \micro.

\AtBeginShipoutBox=\box55
(C:\Users\Nikita\AppData\Local\Programs\MiKTeX\tex/latex/pdflscape\pdflscape.sty
Package: pdflscape 2019/12/05 v0.12 Display of landscape pages in PDF (HO)
 (C:\Users\Nikita\AppData\Local\Programs\MiKTeX\tex/latex/graphics\lscape.sty
Package: lscape 2000/10/22 v3.01 Landscape Pages (DPC)
)
Package pdflscape Info: Auto-detected driver: pdftex on input line 81.
)

c:/Users/Nikita/Desktop/praca inzynierska/projekt-inzynierski/lat.tex:36: Package pdfpages Error: Cannot find file `tytolowanowa.pdf'.

See the pdfpages package documentation for explanation.
Type  H <return>  for immediate help.
 ...                                              
                                                  
l.36 \includepdf[pages=-]{tytolowanowa.pdf}
                                           
This error message was generated by an \errmessage
command, so I can't give any explicit help.
Pretend that you're Hercule Poirot: Examine all clues,
and deduce the truth by order and method.


c:/Users/Nikita/Desktop/praca inzynierska/projekt-inzynierski/lat.tex:36: Package pdfpages Error: Cannot find file `-'.

See the pdfpages package documentation for explanation.
Type  H <return>  for immediate help.
 ...                                              
                                                  
l.36 \includepdf[pages=-]{tytolowanowa.pdf}
                                           
(That was another \errmessage.)

c:/Users/Nikita/Desktop/praca inzynierska/projekt-inzynierski/lat.tex:36: Undefined control sequence.
\AM@expand@range ...M@i \relax \@tempcntb =\AM@ii 
                                                  \relax \ifnum \@tempcnta <...
l.36 \includepdf[pages=-]{tytolowanowa.pdf}
                                           
The control sequence at the end of the top line
of your error message was never \def'ed. If you have
misspelled it (e.g., `\hobx'), type `I' and the correct
spelling (e.g., `I\hbox'). Otherwise just continue,
and I'll forget about whatever was undefined.

c:/Users/Nikita/Desktop/praca inzynierska/projekt-inzynierski/lat.tex:36: Missing number, treated as zero.
<to be read again> 
                   \relax 
l.36 \includepdf[pages=-]{tytolowanowa.pdf}
                                           
A number should have been here; I inserted `0'.
(If you can't figure out why I needed to see a number,
look up `weird error' in the index to The TeXbook.)

c:/Users/Nikita/Desktop/praca inzynierska/projekt-inzynierski/lat.tex:36: Undefined control sequence.
\AM@checkpagenumber #1->\ifnum #1>\AM@pagecount 
                                                \relax \ifthenelse {\boolean...
l.36 \includepdf[pages=-]{tytolowanowa.pdf}
                                           
The control sequence at the end of the top line
of your error message was never \def'ed. If you have
misspelled it (e.g., `\hobx'), type `I' and the correct
spelling (e.g., `I\hbox'). Otherwise just continue,
and I'll forget about whatever was undefined.

c:/Users/Nikita/Desktop/praca inzynierska/projekt-inzynierski/lat.tex:36: Missing number, treated as zero.
<to be read again> 
                   \relax 
l.36 \includepdf[pages=-]{tytolowanowa.pdf}
                                           
A number should have been here; I inserted `0'.
(If you can't figure out why I needed to see a number,
look up `weird error' in the index to The TeXbook.)


c:/Users/Nikita/Desktop/praca inzynierska/projekt-inzynierski/lat.tex:36: Package pdfpages Error: Page 1 of `\AM@currentdocname ' does not exist.

See the pdfpages package documentation for explanation.
Type  H <return>  for immediate help.
 ...                                              
                                                  
l.36 \includepdf[pages=-]{tytolowanowa.pdf}
                                           
You have set a wrong page number in the `pages' option. Document 
`\AM@currentdocname ' does not have 1 pages.

c:/Users/Nikita/Desktop/praca inzynierska/projekt-inzynierski/lat.tex:36: Undefined control sequence.
\AM@checkpagenumber #1->\ifnum #1>\AM@pagecount 
                                                \relax \ifthenelse {\boolean...
l.36 \includepdf[pages=-]{tytolowanowa.pdf}
                                           
The control sequence at the end of the top line
of your error message was never \def'ed. If you have
misspelled it (e.g., `\hobx'), type `I' and the correct
spelling (e.g., `I\hbox'). Otherwise just continue,
and I'll forget about whatever was undefined.

c:/Users/Nikita/Desktop/praca inzynierska/projekt-inzynierski/lat.tex:36: Missing number, treated as zero.
<to be read again> 
                   \relax 
l.36 \includepdf[pages=-]{tytolowanowa.pdf}
                                           
A number should have been here; I inserted `0'.
(If you can't figure out why I needed to see a number,
look up `weird error' in the index to The TeXbook.)

c:/Users/Nikita/Desktop/praca inzynierska/projekt-inzynierski/lat.tex:36: Missing endcsname inserted.
<to be read again> 
                   AM@currentdocname 
l.36 \includepdf[pages=-]{tytolowanowa.pdf}
                                           
The control sequence marked <to be read again> should
not appear between \csname and \endcsname.

c:/Users/Nikita/Desktop/praca inzynierska/projekt-inzynierski/lat.tex:36: Missing endcsname inserted.
<to be read again> 
                   AM@currentdocname 
l.36 \includepdf[pages=-]{tytolowanowa.pdf}
                                           
The control sequence marked <to be read again> should
not appear between \csname and \endcsname.

c:/Users/Nikita/Desktop/praca inzynierska/projekt-inzynierski/lat.tex:36: Extra \endcsname.
<argument> ...csname\AM@currentdocname \endcsname 
                                                  .pdf\endcsname 
l.36 \includepdf[pages=-]{tytolowanowa.pdf}
                                           
I'm ignoring this, since I wasn't doing a \csname.

c:/Users/Nikita/Desktop/praca inzynierska/projekt-inzynierski/lat.tex:36: Extra \endcsname.
<argument> ...ntdocname \endcsname .pdf\endcsname 
                                                  
l.36 \includepdf[pages=-]{tytolowanowa.pdf}
                                           
I'm ignoring this, since I wasn't doing a \csname.

c:/Users/Nikita/Desktop/praca inzynierska/projekt-inzynierski/lat.tex:36: Missing endcsname inserted.
<to be read again> 
                   AM@currentdocname 
l.36 \includepdf[pages=-]{tytolowanowa.pdf}
                                           
The control sequence marked <to be read again> should
not appear between \csname and \endcsname.

c:/Users/Nikita/Desktop/praca inzynierska/projekt-inzynierski/lat.tex:36: Extra \endcsname.
<argument> ...csname\AM@currentdocname \endcsname 
                                                  .png\endcsname 
l.36 \includepdf[pages=-]{tytolowanowa.pdf}
                                           
I'm ignoring this, since I wasn't doing a \csname.

c:/Users/Nikita/Desktop/praca inzynierska/projekt-inzynierski/lat.tex:36: Extra \endcsname.
<argument> ...ntdocname \endcsname .png\endcsname 
                                                  
l.36 \includepdf[pages=-]{tytolowanowa.pdf}
                                           
I'm ignoring this, since I wasn't doing a \csname.

c:/Users/Nikita/Desktop/praca inzynierska/projekt-inzynierski/lat.tex:36: Missing endcsname inserted.
<to be read again> 
                   AM@currentdocname 
l.36 \includepdf[pages=-]{tytolowanowa.pdf}
                                           
The control sequence marked <to be read again> should
not appear between \csname and \endcsname.

c:/Users/Nikita/Desktop/praca inzynierska/projekt-inzynierski/lat.tex:36: Extra \endcsname.
<argument> ...csname\AM@currentdocname \endcsname 
                                                  .jpg\endcsname 
l.36 \includepdf[pages=-]{tytolowanowa.pdf}
                                           
I'm ignoring this, since I wasn't doing a \csname.

c:/Users/Nikita/Desktop/praca inzynierska/projekt-inzynierski/lat.tex:36: Extra \endcsname.
<argument> ...ntdocname \endcsname .jpg\endcsname 
                                                  
l.36 \includepdf[pages=-]{tytolowanowa.pdf}
                                           
I'm ignoring this, since I wasn't doing a \csname.

c:/Users/Nikita/Desktop/praca inzynierska/projekt-inzynierski/lat.tex:36: Missing endcsname inserted.
<to be read again> 
                   AM@currentdocname 
l.36 \includepdf[pages=-]{tytolowanowa.pdf}
                                           
The control sequence marked <to be read again> should
not appear between \csname and \endcsname.

c:/Users/Nikita/Desktop/praca inzynierska/projekt-inzynierski/lat.tex:36: Extra \endcsname.
<argument> ...csname\AM@currentdocname \endcsname 
                                                  .mps\endcsname 
l.36 \includepdf[pages=-]{tytolowanowa.pdf}
                                           
I'm ignoring this, since I wasn't doing a \csname.

c:/Users/Nikita/Desktop/praca inzynierska/projekt-inzynierski/lat.tex:36: Extra \endcsname.
<argument> ...ntdocname \endcsname .mps\endcsname 
                                                  
l.36 \includepdf[pages=-]{tytolowanowa.pdf}
                                           
I'm ignoring this, since I wasn't doing a \csname.

c:/Users/Nikita/Desktop/praca inzynierska/projekt-inzynierski/lat.tex:36: Missing endcsname inserted.
<to be read again> 
                   AM@currentdocname 
l.36 \includepdf[pages=-]{tytolowanowa.pdf}
                                           
The control sequence marked <to be read again> should
not appear between \csname and \endcsname.

c:/Users/Nikita/Desktop/praca inzynierska/projekt-inzynierski/lat.tex:36: Extra \endcsname.
<argument> ...csname\AM@currentdocname \endcsname 
                                                  .jpeg\endcsname 
l.36 \includepdf[pages=-]{tytolowanowa.pdf}
                                           
I'm ignoring this, since I wasn't doing a \csname.

c:/Users/Nikita/Desktop/praca inzynierska/projekt-inzynierski/lat.tex:36: Extra \endcsname.
<argument> ...tdocname \endcsname .jpeg\endcsname 
                                                  
l.36 \includepdf[pages=-]{tytolowanowa.pdf}
                                           
I'm ignoring this, since I wasn't doing a \csname.

c:/Users/Nikita/Desktop/praca inzynierska/projekt-inzynierski/lat.tex:36: Missing endcsname inserted.
<to be read again> 
                   AM@currentdocname 
l.36 \includepdf[pages=-]{tytolowanowa.pdf}
                                           
The control sequence marked <to be read again> should
not appear between \csname and \endcsname.

c:/Users/Nikita/Desktop/praca inzynierska/projekt-inzynierski/lat.tex:36: Extra \endcsname.
<argument> ...csname\AM@currentdocname \endcsname 
                                                  .jbig2\endcsname 
l.36 \includepdf[pages=-]{tytolowanowa.pdf}
                                           
I'm ignoring this, since I wasn't doing a \csname.

c:/Users/Nikita/Desktop/praca inzynierska/projekt-inzynierski/lat.tex:36: Extra \endcsname.
<argument> ...docname \endcsname .jbig2\endcsname 
                                                  
l.36 \includepdf[pages=-]{tytolowanowa.pdf}
                                           
I'm ignoring this, since I wasn't doing a \csname.

c:/Users/Nikita/Desktop/praca inzynierska/projekt-inzynierski/lat.tex:36: Missing endcsname inserted.
<to be read again> 
                   AM@currentdocname 
l.36 \includepdf[pages=-]{tytolowanowa.pdf}
                                           
The control sequence marked <to be read again> should
not appear between \csname and \endcsname.

c:/Users/Nikita/Desktop/praca inzynierska/projekt-inzynierski/lat.tex:36: Extra \endcsname.
<argument> ...csname\AM@currentdocname \endcsname 
                                                  .jb2\endcsname 
l.36 \includepdf[pages=-]{tytolowanowa.pdf}
                                           
I'm ignoring this, since I wasn't doing a \csname.

c:/Users/Nikita/Desktop/praca inzynierska/projekt-inzynierski/lat.tex:36: Extra \endcsname.
<argument> ...ntdocname \endcsname .jb2\endcsname 
                                                  
l.36 \includepdf[pages=-]{tytolowanowa.pdf}
                                           
I'm ignoring this, since I wasn't doing a \csname.

c:/Users/Nikita/Desktop/praca inzynierska/projekt-inzynierski/lat.tex:36: Missing endcsname inserted.
<to be read again> 
                   AM@currentdocname 
l.36 \includepdf[pages=-]{tytolowanowa.pdf}
                                           
The control sequence marked <to be read again> should
not appear between \csname and \endcsname.

c:/Users/Nikita/Desktop/praca inzynierska/projekt-inzynierski/lat.tex:36: Extra \endcsname.
<argument> ...csname\AM@currentdocname \endcsname 
                                                  .PDF\endcsname 
l.36 \includepdf[pages=-]{tytolowanowa.pdf}
                                           
I'm ignoring this, since I wasn't doing a \csname.

c:/Users/Nikita/Desktop/praca inzynierska/projekt-inzynierski/lat.tex:36: Extra \endcsname.
<argument> ...ntdocname \endcsname .PDF\endcsname 
                                                  
l.36 \includepdf[pages=-]{tytolowanowa.pdf}
                                           
I'm ignoring this, since I wasn't doing a \csname.

c:/Users/Nikita/Desktop/praca inzynierska/projekt-inzynierski/lat.tex:36: Missing endcsname inserted.
<to be read again> 
                   AM@currentdocname 
l.36 \includepdf[pages=-]{tytolowanowa.pdf}
                                           
The control sequence marked <to be read again> should
not appear between \csname and \endcsname.

c:/Users/Nikita/Desktop/praca inzynierska/projekt-inzynierski/lat.tex:36: Extra \endcsname.
<argument> ...csname\AM@currentdocname \endcsname 
                                                  .PNG\endcsname 
l.36 \includepdf[pages=-]{tytolowanowa.pdf}
                                           
I'm ignoring this, since I wasn't doing a \csname.

c:/Users/Nikita/Desktop/praca inzynierska/projekt-inzynierski/lat.tex:36: Extra \endcsname.
<argument> ...ntdocname \endcsname .PNG\endcsname 
                                                  
l.36 \includepdf[pages=-]{tytolowanowa.pdf}
                                           
I'm ignoring this, since I wasn't doing a \csname.

c:/Users/Nikita/Desktop/praca inzynierska/projekt-inzynierski/lat.tex:36: Missing endcsname inserted.
<to be read again> 
                   AM@currentdocname 
l.36 \includepdf[pages=-]{tytolowanowa.pdf}
                                           
The control sequence marked <to be read again> should
not appear between \csname and \endcsname.

c:/Users/Nikita/Desktop/praca inzynierska/projekt-inzynierski/lat.tex:36: Extra \endcsname.
<argument> ...csname\AM@currentdocname \endcsname 
                                                  .JPG\endcsname 
l.36 \includepdf[pages=-]{tytolowanowa.pdf}
                                           
I'm ignoring this, since I wasn't doing a \csname.

c:/Users/Nikita/Desktop/praca inzynierska/projekt-inzynierski/lat.tex:36: Extra \endcsname.
<argument> ...ntdocname \endcsname .JPG\endcsname 
                                                  
l.36 \includepdf[pages=-]{tytolowanowa.pdf}
                                           
I'm ignoring this, since I wasn't doing a \csname.

c:/Users/Nikita/Desktop/praca inzynierska/projekt-inzynierski/lat.tex:36: Missing endcsname inserted.
<to be read again> 
                   AM@currentdocname 
l.36 \includepdf[pages=-]{tytolowanowa.pdf}
                                           
The control sequence marked <to be read again> should
not appear between \csname and \endcsname.

c:/Users/Nikita/Desktop/praca inzynierska/projekt-inzynierski/lat.tex:36: Extra \endcsname.
<argument> ...csname\AM@currentdocname \endcsname 
                                                  .JPEG\endcsname 
l.36 \includepdf[pages=-]{tytolowanowa.pdf}
                                           
I'm ignoring this, since I wasn't doing a \csname.

c:/Users/Nikita/Desktop/praca inzynierska/projekt-inzynierski/lat.tex:36: Extra \endcsname.
<argument> ...tdocname \endcsname .JPEG\endcsname 
                                                  
l.36 \includepdf[pages=-]{tytolowanowa.pdf}
                                           
I'm ignoring this, since I wasn't doing a \csname.

c:/Users/Nikita/Desktop/praca inzynierska/projekt-inzynierski/lat.tex:36: Missing endcsname inserted.
<to be read again> 
                   AM@currentdocname 
l.36 \includepdf[pages=-]{tytolowanowa.pdf}
                                           
The control sequence marked <to be read again> should
not appear between \csname and \endcsname.

c:/Users/Nikita/Desktop/praca inzynierska/projekt-inzynierski/lat.tex:36: Extra \endcsname.
<argument> ...csname\AM@currentdocname \endcsname 
                                                  .JBIG2\endcsname 
l.36 \includepdf[pages=-]{tytolowanowa.pdf}
                                           
I'm ignoring this, since I wasn't doing a \csname.

c:/Users/Nikita/Desktop/praca inzynierska/projekt-inzynierski/lat.tex:36: Extra \endcsname.
<argument> ...docname \endcsname .JBIG2\endcsname 
                                                  
l.36 \includepdf[pages=-]{tytolowanowa.pdf}
                                           
I'm ignoring this, since I wasn't doing a \csname.

c:/Users/Nikita/Desktop/praca inzynierska/projekt-inzynierski/lat.tex:36: Missing endcsname inserted.
<to be read again> 
                   AM@currentdocname 
l.36 \includepdf[pages=-]{tytolowanowa.pdf}
                                           
The control sequence marked <to be read again> should
not appear between \csname and \endcsname.

c:/Users/Nikita/Desktop/praca inzynierska/projekt-inzynierski/lat.tex:36: Extra \endcsname.
<argument> ...csname\AM@currentdocname \endcsname 
                                                  .JB2\endcsname 
l.36 \includepdf[pages=-]{tytolowanowa.pdf}
                                           
I'm ignoring this, since I wasn't doing a \csname.

c:/Users/Nikita/Desktop/praca inzynierska/projekt-inzynierski/lat.tex:36: Extra \endcsname.
<argument> ...ntdocname \endcsname .JB2\endcsname 
                                                  
l.36 \includepdf[pages=-]{tytolowanowa.pdf}
                                           
I'm ignoring this, since I wasn't doing a \csname.

c:/Users/Nikita/Desktop/praca inzynierska/projekt-inzynierski/lat.tex:36: Missing endcsname inserted.
<to be read again> 
                   AM@currentdocname 
l.36 \includepdf[pages=-]{tytolowanowa.pdf}
                                           
The control sequence marked <to be read again> should
not appear between \csname and \endcsname.

c:/Users/Nikita/Desktop/praca inzynierska/projekt-inzynierski/lat.tex:36: Extra \endcsname.
<argument> ...csname\AM@currentdocname \endcsname 
                                                  .eps\endcsname 
l.36 \includepdf[pages=-]{tytolowanowa.pdf}
                                           
I'm ignoring this, since I wasn't doing a \csname.

c:/Users/Nikita/Desktop/praca inzynierska/projekt-inzynierski/lat.tex:36: Extra \endcsname.
<argument> ...ntdocname \endcsname .eps\endcsname 
                                                  
l.36 \includepdf[pages=-]{tytolowanowa.pdf}
                                           
I'm ignoring this, since I wasn't doing a \csname.


c:/Users/Nikita/Desktop/praca inzynierska/projekt-inzynierski/lat.tex:36: LaTeX Error: File `\AM@currentdocname ' not found.

See the LaTeX manual or LaTeX Companion for explanation.
Type  H <return>  for immediate help.
 ...                                              
                                                  
l.36 \includepdf[pages=-]{tytolowanowa.pdf}
                                           
I could not locate the file with any of these extensions:
.pdf,.png,.jpg,.mps,.jpeg,.jbig2,.jb2,.PDF,.PNG,.JPG,.JPEG,.JBIG2,.JB2,.eps
Try typing  <return>  to proceed.
If that doesn't work, type  X <return>  to quit.

c:/Users/Nikita/Desktop/praca inzynierska/projekt-inzynierski/lat.tex:36: Missing endcsname inserted.
<to be read again> 
                   AM@currentdocname 
l.36 \includepdf[pages=-]{tytolowanowa.pdf}
                                           
The control sequence marked <to be read again> should
not appear between \csname and \endcsname.

c:/Users/Nikita/Desktop/praca inzynierska/projekt-inzynierski/lat.tex:36: Missing endcsname inserted.
<to be read again> 
                   AM@currentdocname 
l.36 \includepdf[pages=-]{tytolowanowa.pdf}
                                           
The control sequence marked <to be read again> should
not appear between \csname and \endcsname.

c:/Users/Nikita/Desktop/praca inzynierska/projekt-inzynierski/lat.tex:36: Extra \endcsname.
<argument> ...csname\AM@currentdocname \endcsname 
                                                  .pdf\endcsname 
l.36 \includepdf[pages=-]{tytolowanowa.pdf}
                                           
I'm ignoring this, since I wasn't doing a \csname.

c:/Users/Nikita/Desktop/praca inzynierska/projekt-inzynierski/lat.tex:36: Extra \endcsname.
<argument> ...ntdocname \endcsname .pdf\endcsname 
                                                  
l.36 \includepdf[pages=-]{tytolowanowa.pdf}
                                           
I'm ignoring this, since I wasn't doing a \csname.

c:/Users/Nikita/Desktop/praca inzynierska/projekt-inzynierski/lat.tex:36: Missing endcsname inserted.
<to be read again> 
                   AM@currentdocname 
l.36 \includepdf[pages=-]{tytolowanowa.pdf}
                                           
The control sequence marked <to be read again> should
not appear between \csname and \endcsname.

c:/Users/Nikita/Desktop/praca inzynierska/projekt-inzynierski/lat.tex:36: Extra \endcsname.
<argument> ...csname\AM@currentdocname \endcsname 
                                                  .png\endcsname 
l.36 \includepdf[pages=-]{tytolowanowa.pdf}
                                           
I'm ignoring this, since I wasn't doing a \csname.

c:/Users/Nikita/Desktop/praca inzynierska/projekt-inzynierski/lat.tex:36: Extra \endcsname.
<argument> ...ntdocname \endcsname .png\endcsname 
                                                  
l.36 \includepdf[pages=-]{tytolowanowa.pdf}
                                           
I'm ignoring this, since I wasn't doing a \csname.

c:/Users/Nikita/Desktop/praca inzynierska/projekt-inzynierski/lat.tex:36: Missing endcsname inserted.
<to be read again> 
                   AM@currentdocname 
l.36 \includepdf[pages=-]{tytolowanowa.pdf}
                                           
The control sequence marked <to be read again> should
not appear between \csname and \endcsname.

c:/Users/Nikita/Desktop/praca inzynierska/projekt-inzynierski/lat.tex:36: Extra \endcsname.
<argument> ...csname\AM@currentdocname \endcsname 
                                                  .jpg\endcsname 
l.36 \includepdf[pages=-]{tytolowanowa.pdf}
                                           
I'm ignoring this, since I wasn't doing a \csname.

c:/Users/Nikita/Desktop/praca inzynierska/projekt-inzynierski/lat.tex:36: Extra \endcsname.
<argument> ...ntdocname \endcsname .jpg\endcsname 
                                                  
l.36 \includepdf[pages=-]{tytolowanowa.pdf}
                                           
I'm ignoring this, since I wasn't doing a \csname.

c:/Users/Nikita/Desktop/praca inzynierska/projekt-inzynierski/lat.tex:36: Missing endcsname inserted.
<to be read again> 
                   AM@currentdocname 
l.36 \includepdf[pages=-]{tytolowanowa.pdf}
                                           
The control sequence marked <to be read again> should
not appear between \csname and \endcsname.

c:/Users/Nikita/Desktop/praca inzynierska/projekt-inzynierski/lat.tex:36: Extra \endcsname.
<argument> ...csname\AM@currentdocname \endcsname 
                                                  .mps\endcsname 
l.36 \includepdf[pages=-]{tytolowanowa.pdf}
                                           
I'm ignoring this, since I wasn't doing a \csname.

c:/Users/Nikita/Desktop/praca inzynierska/projekt-inzynierski/lat.tex:36: Extra \endcsname.
<argument> ...ntdocname \endcsname .mps\endcsname 
                                                  
l.36 \includepdf[pages=-]{tytolowanowa.pdf}
                                           
I'm ignoring this, since I wasn't doing a \csname.

c:/Users/Nikita/Desktop/praca inzynierska/projekt-inzynierski/lat.tex:36: Missing endcsname inserted.
<to be read again> 
                   AM@currentdocname 
l.36 \includepdf[pages=-]{tytolowanowa.pdf}
                                           
The control sequence marked <to be read again> should
not appear between \csname and \endcsname.

c:/Users/Nikita/Desktop/praca inzynierska/projekt-inzynierski/lat.tex:36: Extra \endcsname.
<argument> ...csname\AM@currentdocname \endcsname 
                                                  .jpeg\endcsname 
l.36 \includepdf[pages=-]{tytolowanowa.pdf}
                                           
I'm ignoring this, since I wasn't doing a \csname.

c:/Users/Nikita/Desktop/praca inzynierska/projekt-inzynierski/lat.tex:36: Extra \endcsname.
<argument> ...tdocname \endcsname .jpeg\endcsname 
                                                  
l.36 \includepdf[pages=-]{tytolowanowa.pdf}
                                           
I'm ignoring this, since I wasn't doing a \csname.

c:/Users/Nikita/Desktop/praca inzynierska/projekt-inzynierski/lat.tex:36: Missing endcsname inserted.
<to be read again> 
                   AM@currentdocname 
l.36 \includepdf[pages=-]{tytolowanowa.pdf}
                                           
The control sequence marked <to be read again> should
not appear between \csname and \endcsname.

c:/Users/Nikita/Desktop/praca inzynierska/projekt-inzynierski/lat.tex:36: Extra \endcsname.
<argument> ...csname\AM@currentdocname \endcsname 
                                                  .jbig2\endcsname 
l.36 \includepdf[pages=-]{tytolowanowa.pdf}
                                           
I'm ignoring this, since I wasn't doing a \csname.

c:/Users/Nikita/Desktop/praca inzynierska/projekt-inzynierski/lat.tex:36: Extra \endcsname.
<argument> ...docname \endcsname .jbig2\endcsname 
                                                  
l.36 \includepdf[pages=-]{tytolowanowa.pdf}
                                           
I'm ignoring this, since I wasn't doing a \csname.

c:/Users/Nikita/Desktop/praca inzynierska/projekt-inzynierski/lat.tex:36: Missing endcsname inserted.
<to be read again> 
                   AM@currentdocname 
l.36 \includepdf[pages=-]{tytolowanowa.pdf}
                                           
The control sequence marked <to be read again> should
not appear between \csname and \endcsname.

c:/Users/Nikita/Desktop/praca inzynierska/projekt-inzynierski/lat.tex:36: Extra \endcsname.
<argument> ...csname\AM@currentdocname \endcsname 
                                                  .jb2\endcsname 
l.36 \includepdf[pages=-]{tytolowanowa.pdf}
                                           
I'm ignoring this, since I wasn't doing a \csname.

c:/Users/Nikita/Desktop/praca inzynierska/projekt-inzynierski/lat.tex:36: Extra \endcsname.
<argument> ...ntdocname \endcsname .jb2\endcsname 
                                                  
l.36 \includepdf[pages=-]{tytolowanowa.pdf}
                                           
I'm ignoring this, since I wasn't doing a \csname.

c:/Users/Nikita/Desktop/praca inzynierska/projekt-inzynierski/lat.tex:36: Missing endcsname inserted.
<to be read again> 
                   AM@currentdocname 
l.36 \includepdf[pages=-]{tytolowanowa.pdf}
                                           
The control sequence marked <to be read again> should
not appear between \csname and \endcsname.

c:/Users/Nikita/Desktop/praca inzynierska/projekt-inzynierski/lat.tex:36: Extra \endcsname.
<argument> ...csname\AM@currentdocname \endcsname 
                                                  .PDF\endcsname 
l.36 \includepdf[pages=-]{tytolowanowa.pdf}
                                           
I'm ignoring this, since I wasn't doing a \csname.

c:/Users/Nikita/Desktop/praca inzynierska/projekt-inzynierski/lat.tex:36: Extra \endcsname.
<argument> ...ntdocname \endcsname .PDF\endcsname 
                                                  
l.36 \includepdf[pages=-]{tytolowanowa.pdf}
                                           
I'm ignoring this, since I wasn't doing a \csname.

c:/Users/Nikita/Desktop/praca inzynierska/projekt-inzynierski/lat.tex:36: Missing endcsname inserted.
<to be read again> 
                   AM@currentdocname 
l.36 \includepdf[pages=-]{tytolowanowa.pdf}
                                           
The control sequence marked <to be read again> should
not appear between \csname and \endcsname.

c:/Users/Nikita/Desktop/praca inzynierska/projekt-inzynierski/lat.tex:36: Extra \endcsname.
<argument> ...csname\AM@currentdocname \endcsname 
                                                  .PNG\endcsname 
l.36 \includepdf[pages=-]{tytolowanowa.pdf}
                                           
I'm ignoring this, since I wasn't doing a \csname.

c:/Users/Nikita/Desktop/praca inzynierska/projekt-inzynierski/lat.tex:36: Extra \endcsname.
<argument> ...ntdocname \endcsname .PNG\endcsname 
                                                  
l.36 \includepdf[pages=-]{tytolowanowa.pdf}
                                           
I'm ignoring this, since I wasn't doing a \csname.

c:/Users/Nikita/Desktop/praca inzynierska/projekt-inzynierski/lat.tex:36: Missing endcsname inserted.
<to be read again> 
                   AM@currentdocname 
l.36 \includepdf[pages=-]{tytolowanowa.pdf}
                                           
The control sequence marked <to be read again> should
not appear between \csname and \endcsname.

c:/Users/Nikita/Desktop/praca inzynierska/projekt-inzynierski/lat.tex:36: Extra \endcsname.
<argument> ...csname\AM@currentdocname \endcsname 
                                                  .JPG\endcsname 
l.36 \includepdf[pages=-]{tytolowanowa.pdf}
                                           
I'm ignoring this, since I wasn't doing a \csname.

c:/Users/Nikita/Desktop/praca inzynierska/projekt-inzynierski/lat.tex:36: Extra \endcsname.
<argument> ...ntdocname \endcsname .JPG\endcsname 
                                                  
l.36 \includepdf[pages=-]{tytolowanowa.pdf}
                                           
I'm ignoring this, since I wasn't doing a \csname.

c:/Users/Nikita/Desktop/praca inzynierska/projekt-inzynierski/lat.tex:36: Missing endcsname inserted.
<to be read again> 
                   AM@currentdocname 
l.36 \includepdf[pages=-]{tytolowanowa.pdf}
                                           
The control sequence marked <to be read again> should
not appear between \csname and \endcsname.

c:/Users/Nikita/Desktop/praca inzynierska/projekt-inzynierski/lat.tex:36: Extra \endcsname.
<argument> ...csname\AM@currentdocname \endcsname 
                                                  .JPEG\endcsname 
l.36 \includepdf[pages=-]{tytolowanowa.pdf}
                                           
I'm ignoring this, since I wasn't doing a \csname.

c:/Users/Nikita/Desktop/praca inzynierska/projekt-inzynierski/lat.tex:36: Extra \endcsname.
<argument> ...tdocname \endcsname .JPEG\endcsname 
                                                  
l.36 \includepdf[pages=-]{tytolowanowa.pdf}
                                           
I'm ignoring this, since I wasn't doing a \csname.

c:/Users/Nikita/Desktop/praca inzynierska/projekt-inzynierski/lat.tex:36: Missing endcsname inserted.
<to be read again> 
                   AM@currentdocname 
l.36 \includepdf[pages=-]{tytolowanowa.pdf}
                                           
The control sequence marked <to be read again> should
not appear between \csname and \endcsname.

c:/Users/Nikita/Desktop/praca inzynierska/projekt-inzynierski/lat.tex:36: Extra \endcsname.
<argument> ...csname\AM@currentdocname \endcsname 
                                                  .JBIG2\endcsname 
l.36 \includepdf[pages=-]{tytolowanowa.pdf}
                                           
I'm ignoring this, since I wasn't doing a \csname.

c:/Users/Nikita/Desktop/praca inzynierska/projekt-inzynierski/lat.tex:36: Extra \endcsname.
<argument> ...docname \endcsname .JBIG2\endcsname 
                                                  
l.36 \includepdf[pages=-]{tytolowanowa.pdf}
                                           
I'm ignoring this, since I wasn't doing a \csname.

c:/Users/Nikita/Desktop/praca inzynierska/projekt-inzynierski/lat.tex:36: Missing endcsname inserted.
<to be read again> 
                   AM@currentdocname 
l.36 \includepdf[pages=-]{tytolowanowa.pdf}
                                           
The control sequence marked <to be read again> should
not appear between \csname and \endcsname.

c:/Users/Nikita/Desktop/praca inzynierska/projekt-inzynierski/lat.tex:36: Extra \endcsname.
<argument> ...csname\AM@currentdocname \endcsname 
                                                  .JB2\endcsname 
l.36 \includepdf[pages=-]{tytolowanowa.pdf}
                                           
I'm ignoring this, since I wasn't doing a \csname.

c:/Users/Nikita/Desktop/praca inzynierska/projekt-inzynierski/lat.tex:36: Extra \endcsname.
<argument> ...ntdocname \endcsname .JB2\endcsname 
                                                  
l.36 \includepdf[pages=-]{tytolowanowa.pdf}
                                           
I'm ignoring this, since I wasn't doing a \csname.

c:/Users/Nikita/Desktop/praca inzynierska/projekt-inzynierski/lat.tex:36: Missing endcsname inserted.
<to be read again> 
                   AM@currentdocname 
l.36 \includepdf[pages=-]{tytolowanowa.pdf}
                                           
The control sequence marked <to be read again> should
not appear between \csname and \endcsname.

c:/Users/Nikita/Desktop/praca inzynierska/projekt-inzynierski/lat.tex:36: Extra \endcsname.
<argument> ...csname\AM@currentdocname \endcsname 
                                                  .eps\endcsname 
l.36 \includepdf[pages=-]{tytolowanowa.pdf}
                                           
I'm ignoring this, since I wasn't doing a \csname.

c:/Users/Nikita/Desktop/praca inzynierska/projekt-inzynierski/lat.tex:36: Extra \endcsname.
<argument> ...ntdocname \endcsname .eps\endcsname 
                                                  
l.36 \includepdf[pages=-]{tytolowanowa.pdf}
                                           
I'm ignoring this, since I wasn't doing a \csname.


c:/Users/Nikita/Desktop/praca inzynierska/projekt-inzynierski/lat.tex:36: LaTeX Error: File `\AM@currentdocname ' not found.

See the LaTeX manual or LaTeX Companion for explanation.
Type  H <return>  for immediate help.
 ...                                              
                                                  
l.36 \includepdf[pages=-]{tytolowanowa.pdf}
                                           
I could not locate the file with any of these extensions:
.pdf,.png,.jpg,.mps,.jpeg,.jbig2,.jb2,.PDF,.PNG,.JPG,.JPEG,.JBIG2,.JB2,.eps
Try typing  <return>  to proceed.
If that doesn't work, type  X <return>  to quit.

c:/Users/Nikita/Desktop/praca inzynierska/projekt-inzynierski/lat.tex:36: Missing endcsname inserted.
<to be read again> 
                   AM@currentdocname 
l.36 \includepdf[pages=-]{tytolowanowa.pdf}
                                           
The control sequence marked <to be read again> should
not appear between \csname and \endcsname.

c:/Users/Nikita/Desktop/praca inzynierska/projekt-inzynierski/lat.tex:36: Missing endcsname inserted.
<to be read again> 
                   AM@currentdocname 
l.36 \includepdf[pages=-]{tytolowanowa.pdf}
                                           
The control sequence marked <to be read again> should
not appear between \csname and \endcsname.

c:/Users/Nikita/Desktop/praca inzynierska/projekt-inzynierski/lat.tex:36: Extra \endcsname.
<argument> ...csname\AM@currentdocname \endcsname 
                                                  .pdf\endcsname 
l.36 \includepdf[pages=-]{tytolowanowa.pdf}
                                           
(That makes 100 errors; please try again.) 
Here is how much of TeX's memory you used:
 6595 strings out of 480790
 102861 string characters out of 2896832
 381972 words of memory out of 3000000
 22504 multiletter control sequences out of 15000+200000
 533231 words of font info for 28 fonts, out of 3000000 for 9000
 1141 hyphenation exceptions out of 8191
 40i,3n,45p,329b,306s stack positions out of 5000i,500n,10000p,200000b,50000s

c:/Users/Nikita/Desktop/praca inzynierska/projekt-inzynierski/lat.tex:36:  ==> Fatal error occurred, no output PDF file produced!
